[debug] [2022-11-11T18:29:06.011Z] ----------------------------------------------------------------------
[debug] [2022-11-11T18:29:06.013Z] Command:       C:\Program Files\nodejs\node.exe C:\Program Files (x86)\Nodist\bin\node_modules\firebase-tools\lib\bin\firebase.js init
[debug] [2022-11-11T18:29:06.014Z] CLI Version:   11.16.0
[debug] [2022-11-11T18:29:06.014Z] Platform:      win32
[debug] [2022-11-11T18:29:06.014Z] Node Version:  v19.0.1
[debug] [2022-11-11T18:29:06.014Z] Time:          Fri Nov 11 2022 11:29:06 GMT-0700 (Mountain Standard Time)
[debug] [2022-11-11T18:29:06.014Z] ----------------------------------------------------------------------
[debug] 
[debug] [2022-11-11T18:29:06.021Z] > command requires scopes: ["email","openid","https://www.googleapis.com/auth/cloudplatformprojects.readonly","https://www.googleapis.com/auth/firebase","https://www.googleapis.com/auth/cloud-platform"]
[debug] [2022-11-11T18:29:06.021Z] > authorizing via signed-in user (gavinshelley3@gmail.com)
[info] 
     ######## #### ########  ######## ########     ###     ######  ########
     ##        ##  ##     ## ##       ##     ##  ##   ##  ##       ##
     ######    ##  ########  ######   ########  #########  ######  ######
     ##        ##  ##    ##  ##       ##     ## ##     ##       ## ##
     ##       #### ##     ## ######## ########  ##     ##  ######  ########

You're about to initialize a Firebase project in this directory:

  C:\Users\Gavin\Documents\firebaseboi\hackathon-setup\hackathon-boi

[info] 
=== Project Setup
[info] 
[info] First, let's associate this project directory with a Firebase project.
[info] You can create multiple project aliases by running firebase use --add, 
[info] but for now we'll just set up a default project.
[info] 
[debug] [2022-11-11T18:29:16.560Z] >>> [apiv2][query] GET https://firebase.googleapis.com/v1beta1/projects pageSize=100
[debug] [2022-11-11T18:29:17.189Z] <<< [apiv2][status] GET https://firebase.googleapis.com/v1beta1/projects 200
[debug] [2022-11-11T18:29:17.189Z] <<< [apiv2][body] GET https://firebase.googleapis.com/v1beta1/projects [omitted]
[info] i  Using project carbitrage-a688f (carbitrage) 
[info] 
=== Hosting Setup
[info] 
[info] Your public directory is the folder (relative to your project directory) that
[info] will contain Hosting assets to be uploaded with firebase deploy. If you
[info] have a build process for your assets, use your build's output directory.
[info] 
